<?xml version="1.0" encoding="UTF-8"?>
<testsuites>
  <testsuite name="Application - Testsuite" tests="1" assertions="7" failures="0" errors="0" time="0.051182">
    <testsuite name="CommonControllerTest" file="C:\Users\jsiciarek\Workspace\tutorial\tests\common\controllers\CommonControllerTest.php" tests="1" assertions="7" failures="0" errors="0" time="0.051182">
      <testcase name="testGetFrame" class="CommonControllerTest" file="C:\Users\jsiciarek\Workspace\tutorial\tests\common\controllers\CommonControllerTest.php" line="20" assertions="7" time="0.051182"/>
    </testsuite>
  </testsuite>
</testsuites>
